********	08-29-2019 - 02:08 AM
epoch: 1     time: 1958
train_loss: 0.5563657989697955
SHAPE: (1024, 1024)
********	08-29-2019 - 02:40 AM
epoch: 2     time: 3899
train_loss: 0.4192379662048074
SHAPE: (1024, 1024)
********	08-29-2019 - 03:13 AM
epoch: 3     time: 5839
train_loss: 0.39406726958664395
SHAPE: (1024, 1024)
********	08-29-2019 - 03:45 AM
epoch: 4     time: 7777
train_loss: 0.3804775364194532
SHAPE: (1024, 1024)
********	08-29-2019 - 04:17 AM
epoch: 5     time: 9719
train_loss: 0.37017063965916863
SHAPE: (1024, 1024)
********	08-29-2019 - 04:50 AM
epoch: 6     time: 11657
train_loss: 0.3608337000596194
SHAPE: (1024, 1024)
********	08-29-2019 - 05:22 AM
epoch: 7     time: 13593
train_loss: 0.35301424423202765
SHAPE: (1024, 1024)
********	08-29-2019 - 05:54 AM
epoch: 8     time: 15520
train_loss: 0.3475589777941725
SHAPE: (1024, 1024)
********	08-29-2019 - 06:26 AM
epoch: 9     time: 17437
train_loss: 0.3432500805698608
SHAPE: (1024, 1024)
********	08-29-2019 - 06:58 AM
epoch: 10     time: 19354
train_loss: 0.3369737273523573
SHAPE: (1024, 1024)
********	08-29-2019 - 07:30 AM
epoch: 11     time: 21264
train_loss: 0.33398562105098595
SHAPE: (1024, 1024)
********	08-29-2019 - 08:02 AM
epoch: 12     time: 23170
train_loss: 0.328872941802845
SHAPE: (1024, 1024)
********	08-29-2019 - 08:33 AM
epoch: 13     time: 25073
train_loss: 0.3275523048346442
SHAPE: (1024, 1024)
********	08-29-2019 - 09:05 AM
epoch: 14     time: 26979
train_loss: 0.3244848314699027
SHAPE: (1024, 1024)
********	08-29-2019 - 09:37 AM
epoch: 15     time: 28883
train_loss: 0.3207689602652956
SHAPE: (1024, 1024)
********	08-29-2019 - 10:09 AM
epoch: 16     time: 30788
train_loss: 0.31575697179053486
SHAPE: (1024, 1024)
********	08-29-2019 - 10:40 AM
epoch: 17     time: 32694
train_loss: 0.3130945992167362
SHAPE: (1024, 1024)
********	08-29-2019 - 11:12 AM
epoch: 18     time: 34602
train_loss: 0.31238362257708013
SHAPE: (1024, 1024)
********	08-29-2019 - 11:44 AM
epoch: 19     time: 36512
train_loss: 0.30811760771251595
SHAPE: (1024, 1024)
********	08-29-2019 - 12:16 PM
epoch: 20     time: 38426
train_loss: 0.3058144676002004
SHAPE: (1024, 1024)
********	08-29-2019 - 12:48 PM
epoch: 21     time: 40334
train_loss: 0.30353984428125846
SHAPE: (1024, 1024)
********	08-29-2019 - 01:20 PM
epoch: 22     time: 42241
train_loss: 0.3028079505600681
SHAPE: (1024, 1024)
********	08-29-2019 - 01:51 PM
epoch: 23     time: 44147
train_loss: 0.29887793662939305
SHAPE: (1024, 1024)
********	08-29-2019 - 02:23 PM
epoch: 24     time: 46052
train_loss: 0.29786985944633537
SHAPE: (1024, 1024)
********	08-29-2019 - 02:55 PM
epoch: 25     time: 47960
train_loss: 0.2934884257906511
SHAPE: (1024, 1024)
********	08-29-2019 - 03:27 PM
epoch: 26     time: 49868
train_loss: 0.29332189247557655
SHAPE: (1024, 1024)
********	08-29-2019 - 03:58 PM
epoch: 27     time: 51775
train_loss: 0.2909683228142
SHAPE: (1024, 1024)
********	08-29-2019 - 04:32 PM
epoch: 28     time: 53764
train_loss: 0.28966018188608406
SHAPE: (1024, 1024)
********	08-29-2019 - 05:05 PM
epoch: 29     time: 55762
train_loss: 0.28650783362224763
SHAPE: (1024, 1024)
********	08-29-2019 - 05:38 PM
epoch: 30     time: 57757
train_loss: 0.28576628626943323
SHAPE: (1024, 1024)
********	08-29-2019 - 06:11 PM
epoch: 31     time: 59753
train_loss: 0.28481425945488553
SHAPE: (1024, 1024)
********	08-29-2019 - 06:45 PM
epoch: 32     time: 61746
train_loss: 0.2825880468312792
SHAPE: (1024, 1024)
********	08-29-2019 - 07:18 PM
epoch: 33     time: 63740
train_loss: 0.27998934797679453
SHAPE: (1024, 1024)
********	08-29-2019 - 07:51 PM
epoch: 34     time: 65733
train_loss: 0.2803819234421334
SHAPE: (1024, 1024)
********	08-29-2019 - 08:24 PM
epoch: 35     time: 67721
train_loss: 0.27819200585534654
SHAPE: (1024, 1024)
********	08-29-2019 - 08:57 PM
epoch: 36     time: 69709
train_loss: 0.2777281293242347
SHAPE: (1024, 1024)
********	08-29-2019 - 09:30 PM
epoch: 37     time: 71696
train_loss: 0.2744007464127427
SHAPE: (1024, 1024)
********	08-29-2019 - 10:04 PM
epoch: 38     time: 73683
train_loss: 0.27271106825302865
SHAPE: (1024, 1024)
********	08-29-2019 - 10:37 PM
epoch: 39     time: 75671
train_loss: 0.2701989963421013
SHAPE: (1024, 1024)
********	08-29-2019 - 11:10 PM
epoch: 40     time: 77661
train_loss: 0.271085658208177
SHAPE: (1024, 1024)
********	08-29-2019 - 11:43 PM
epoch: 41     time: 79658
train_loss: 0.26784939569640637
SHAPE: (1024, 1024)
********	08-30-2019 - 12:17 AM
epoch: 42     time: 81663
train_loss: 0.2670821868644055
SHAPE: (1024, 1024)
********	08-30-2019 - 12:50 AM
epoch: 43     time: 83669
train_loss: 0.26438554634765393
SHAPE: (1024, 1024)
********	08-30-2019 - 01:24 AM
epoch: 44     time: 85680
train_loss: 0.2623520085424204
SHAPE: (1024, 1024)
********	08-30-2019 - 01:57 AM
epoch: 45     time: 87693
train_loss: 0.26249042560580305
SHAPE: (1024, 1024)
