********
epoch: 1     time: 1277
train_loss: 0.5440274262531645
SHAPE: (1024, 1024)
********
epoch: 2     time: 2558
train_loss: 0.41183251198967374
SHAPE: (1024, 1024)
********
epoch: 3     time: 3776
train_loss: 0.38597529983972234
SHAPE: (1024, 1024)
********
epoch: 4     time: 5031
train_loss: 0.37342019221226835
SHAPE: (1024, 1024)
********
epoch: 5     time: 6200
train_loss: 0.36330135318814905
SHAPE: (1024, 1024)
********
epoch: 6     time: 7358
train_loss: 0.3552182156858187
SHAPE: (1024, 1024)
********
epoch: 7     time: 8527
train_loss: 0.3491046997164026
SHAPE: (1024, 1024)
********
epoch: 8     time: 9694
train_loss: 0.3434688963125207
SHAPE: (1024, 1024)
********
epoch: 9     time: 10860
train_loss: 0.3376830533558387
SHAPE: (1024, 1024)
********
epoch: 10     time: 12048
train_loss: 0.33358161192562
SHAPE: (1024, 1024)
********
epoch: 11     time: 13297
train_loss: 0.3310845492547647
SHAPE: (1024, 1024)
********
epoch: 12     time: 14488
train_loss: 0.3260073982222232
SHAPE: (1024, 1024)
********
epoch: 13     time: 15679
train_loss: 0.3230535793874841
SHAPE: (1024, 1024)
********
epoch: 14     time: 16872
train_loss: 0.3180588052853913
SHAPE: (1024, 1024)
********
epoch: 15     time: 18080
train_loss: 0.3217364915514421
SHAPE: (1024, 1024)
********
epoch: 16     time: 19276
train_loss: 0.31444157912188336
SHAPE: (1024, 1024)
********
epoch: 17     time: 20503
train_loss: 0.3119509160978027
SHAPE: (1024, 1024)
********
epoch: 18     time: 21745
train_loss: 0.3109539483189966
SHAPE: (1024, 1024)
